0 info it worked if it ends with ok
1 verbose cli [ '/usr/local/bin/node', '/usr/local/bin/npm', 'install' ]
2 info using npm@1.2.0
3 info using node@v0.9.6
4 verbose read json /Users/mihai.blebea/Sites/gulp-build-project/package.json
5 warn package.json gulp-build@1.0.0 No README.md file found!
6 verbose readDependencies using package.json deps
7 verbose install where, deps [ '/Users/mihai.blebea/Sites/gulp-build-project', [] ]
8 verbose from cache /Users/mihai.blebea/Sites/gulp-build-project/package.json
9 info preinstall gulp-build@1.0.0
10 verbose read json /Users/mihai.blebea/Sites/gulp-build-project/node_modules/gulp/package.json
11 verbose from cache /Users/mihai.blebea/Sites/gulp-build-project/package.json
12 verbose readDependencies using package.json deps
13 silly resolved []
14 info build /Users/mihai.blebea/Sites/gulp-build-project
15 verbose from cache /Users/mihai.blebea/Sites/gulp-build-project/package.json
16 verbose linkStuff [ false, false, false, '/Users/mihai.blebea/Sites' ]
17 info linkStuff gulp-build@1.0.0
18 verbose linkBins gulp-build@1.0.0
19 verbose linkMans gulp-build@1.0.0
20 verbose rebuildBundles gulp-build@1.0.0
21 verbose read json /Users/mihai.blebea/Sites/gulp-build-project/node_modules/gulp/package.json
22 verbose rebuildBundles [ 'gulp' ]
23 verbose rebuild bundle /Users/mihai.blebea/Sites/gulp-build-project/node_modules/gulp
24 info build /Users/mihai.blebea/Sites/gulp-build-project/node_modules/gulp
25 verbose read json /Users/mihai.blebea/Sites/gulp-build-project/node_modules/gulp/package.json
26 error Failed to parse json
26 error Unexpected end of input
27 error File: /Users/mihai.blebea/Sites/gulp-build-project/node_modules/gulp/package.json
28 error Failed to parse package.json data.
28 error package.json must be actual JSON, not just JavaScript.
28 error
28 error This is not a bug in npm.
28 error Tell the package author to fix their package.json file. JSON.parse
29 error System Darwin 17.4.0
30 error command "/usr/local/bin/node" "/usr/local/bin/npm" "install"
31 error cwd /Users/mihai.blebea/Sites/gulp-build-project
32 error node -v v0.9.6
33 error npm -v 1.2.0
34 error file /Users/mihai.blebea/Sites/gulp-build-project/node_modules/gulp/package.json
35 error code EJSONPARSE
36 verbose exit [ 1, true ]
